Build started 07/05/2012 04:45:07 AM.
     1>Project "C:\Users\DudishG\Documents\Visual Studio 11\Projects\Copy\TCPDemonstrator_VS2008\TCPDemonstrator_VS2008.vcxproj" on node 2 (Build target(s)).
         C:\Program Files (x86)\Microsoft Visual Studio 11.0\VC\bin\CL.exe /c /ZI /nologo /W3 /WX- /Od /Oy- /D WIN32 /D _WINDOWS /D _DEBUG /D _MBCS /Gm /EHsc /RTC1 /MTd /GS /fp:precise /Zc:wchar_t /Zc:forScope /Yu"stdafx.h" /Fp"Debug\SnakesAndLadders.pch" /Fo"Debug\\" /Fd"Debug\vc110.pdb" /Gd /TP /analyze- /errorReport:prompt ClientDialog.cpp
         ClientDialog.cpp
     1>c:\users\dudishg\documents\visual studio 11\projects\copy\tcpdemonstrator_vs2008\clientdialog.cpp(432): warning C4244: 'argument' : conversion from 'time_t' to 'unsigned int', possible loss of data
     1>c:\users\dudishg\documents\visual studio 11\projects\copy\tcpdemonstrator_vs2008\clientdialog.cpp(488): warning C4552: '-' : operator has no effect; expected operator with side-effect
     1>c:\users\dudishg\documents\visual studio 11\projects\copy\tcpdemonstrator_vs2008\clientdialog.cpp(724): warning C4996: 'strcpy': This function or variable may be unsafe. Consider using strcpy_s instead. To disable deprecation, use _CRT_SECURE_NO_WARNINGS. See online help for details.
                 c:\program files (x86)\microsoft visual studio 11.0\vc\include\string.h(110) : see declaration of 'strcpy'
     1>c:\users\dudishg\documents\visual studio 11\projects\copy\tcpdemonstrator_vs2008\clientdialog.cpp(766): warning C4996: 'strcpy': This function or variable may be unsafe. Consider using strcpy_s instead. To disable deprecation, use _CRT_SECURE_NO_WARNINGS. See online help for details.
         C:\Program Files (x86)\Windows Kits\8.0\bin\x86\rc.exe /D _DEBUG /l"0x0409" /IDebug\ /nologo /fo"Debug\TCPDemonstrator_VS2008.res" TCPDemonstrator_VS2008.rc 
         C:\Program Files (x86)\Microsoft Visual Studio 11.0\VC\bin\link.exe /ERRORREPORT:PROMPT /OUT:"C:\Users\DudishG\Documents\Visual Studio 11\Projects\Copy\Debug\SnakesAndLadders.exe" /INCREMENTAL /NOLOGO /MANIFEST /ManifestFile:"Debug\SnakesAndLadders.exe.intermediate.manifest" /MANIFESTUAC:"level='asInvoker' uiAccess='false'" /DEBUG /PDB:"C:\Users\DudishG\Documents\Visual Studio 11\Projects\Copy\Debug\SnakesAndLadders.pdb" /SUBSYSTEM:WINDOWS /TLBID:1 /DYNAMICBASE /NXCOMPAT /IMPLIB:"C:\Users\DudishG\Documents\Visual Studio 11\Projects\Copy\Debug\SnakesAndLadders.lib" /MACHINE:X86 /SAFESEH Debug\TCPDemonstrator_VS2008.res
         Debug\ClientDialog.obj
         Debug\ServerDialog.obj
         Debug\stdafx.obj
         Debug\TCPDemonstrator_VS2008.obj
         Debug\TCPDemonstrator_VS2008Dlg.obj
         Debug\SnakesAndLadders.exe.embed.manifest.res
         C:\Program Files (x86)\Windows Kits\8.0\bin\x86\mt.exe /nologo /verbose /out:"Debug\SnakesAndLadders.exe.embed.manifest" /manifest Debug\SnakesAndLadders.exe.intermediate.manifest "C:\Program Files (x86)\Microsoft Visual Studio 11.0\VC\Include\Manifest\dpiaware.manifest"
         TCPDemonstrator_VS2008.vcxproj -> C:\Users\DudishG\Documents\Visual Studio 11\Projects\Copy\Debug\SnakesAndLadders.exe
     1>Done Building Project "C:\Users\DudishG\Documents\Visual Studio 11\Projects\Copy\TCPDemonstrator_VS2008\TCPDemonstrator_VS2008.vcxproj" (Build target(s)).

Build succeeded.

Time Elapsed 00:00:07.68
